<?xml version="1.0" encoding="UTF-8"?>
<!-- Generated by org.testng.reporters.JUnitXMLReporter -->
<testsuite ignored="0" hostname="NIRMALKUMAR" failures="0" tests="1" name="Test3" time="0.166" errors="0" timestamp="2023-01-10T13:30:25 IST">
  <testcase classname="org.test.ExecutionClass" name="@BeforeMethod launchURL" time="0.018">
    <failure type="java.lang.NullPointerException" message="Cannot invoke &amp;quot;org.openqa.selenium.WebDriver.get(String)&amp;quot; because &amp;quot;org.base.BaseClass.driver&amp;quot; is null">
      <![CDATA[java.lang.NullPointerException: Cannot invoke "org.openqa.selenium.WebDriver.get(String)" because "org.base.BaseClass.driver" is null
at org.base.BaseClass.urlLaunch(BaseClass.java:26)
at org.test.ExecutionClass.launchURL(ExecutionClass.java:58)
at java.base/java.util.ArrayList.forEach(ArrayList.java:1511)
at java.base/java.util.concurrent.FutureTask.run(FutureTask.java:264)
at java.base/java.util.concurrent.ThreadPoolExecutor.runWorker(ThreadPoolExecutor.java:1136)
at java.base/java.util.concurrent.ThreadPoolExecutor$Worker.run(ThreadPoolExecutor.java:635)
at java.base/java.lang.Thread.run(Thread.java:833)
... Removed 20 stack frames]]>
    </failure>
  </testcase> <!-- @BeforeMethod launchURL -->
  <testcase classname="org.test.ExecutionClass" name="testcaseflow" time="0.0">
    <skipped/>
  </testcase> <!-- testcaseflow -->
</testsuite> <!-- Test3 -->
