<?xml version="1.0" encoding="UTF-8"?>
<testng-results ignored="0" total="1" passed="1" failed="0" skipped="0">
  <reporter-output>
  </reporter-output>
  <suite started-at="2023-01-10T13:37:11 IST" name="Default suite" finished-at="2023-01-10T13:37:27 IST" duration-ms="16222">
    <groups>
    </groups>
    <test started-at="2023-01-10T13:37:11 IST" name="Default test" finished-at="2023-01-10T13:37:27 IST" duration-ms="16222">
      <class name="org.test.ExecutionClass">
        <test-method is-config="true" signature="launchURL()[pri:0, instance:org.test.ExecutionClass@188715b5]" started-at="2023-01-10T13:37:11 IST" name="launchURL" finished-at="2023-01-10T13:37:17 IST" duration-ms="6498" status="PASS">
          <reporter-output>
          </reporter-output>
        </test-method> <!-- launchURL -->
        <test-method signature="testcaseflow()[pri:0, instance:org.test.ExecutionClass@188715b5]" started-at="2023-01-10T13:37:17 IST" name="testcaseflow" finished-at="2023-01-10T13:37:27 IST" duration-ms="9653" status="PASS">
          <reporter-output>
          </reporter-output>
        </test-method> <!-- testcaseflow -->
      </class> <!-- org.test.ExecutionClass -->
    </test> <!-- Default test -->
  </suite> <!-- Default suite -->
</testng-results>
